<?xml version="1.0" encoding="UTF-8"?>
<!-- Generated by org.testng.reporters.JUnitXMLReporter -->
<testsuite ignored="0" hostname="shalinas-Air.lan" failures="0" tests="0" name="Nopackage" time="0.142" errors="0" timestamp="17 Mar 2024 18:30:25 GMT">
  <testcase classname="io.cucumber.testng.AbstractTestNGCucumberTests" name="@BeforeClass setUpClass" time="0.121">
    <failure type="java.lang.RuntimeException" message="java.nio.file.NoSuchFileException: Regression">
      <![CDATA[java.lang.RuntimeException: java.nio.file.NoSuchFileException: Regression
at io.cucumber.core.options.RerunPath.listRerunFiles(RerunPath.java:56)
at io.cucumber.core.options.RerunPath.parse(RerunPath.java:33)
at io.cucumber.core.options.FeatureWithLinesOrRerunPath.parse(FeatureWithLinesOrRerunPath.java:48)
at io.cucumber.core.options.CucumberOptionsAnnotationParser.addFeatures(CucumberOptionsAnnotationParser.java:133)
at io.cucumber.core.options.CucumberOptionsAnnotationParser.parse(CucumberOptionsAnnotationParser.java:44)
at io.cucumber.testng.TestNGCucumberRunner.<init>(TestNGCucumberRunner.java:85)
at io.cucumber.testng.AbstractTestNGCucumberTests.setUpClass(AbstractTestNGCucumberTests.java:27)
Caused by: java.nio.file.NoSuchFileException: Regression
at java.base/sun.nio.fs.UnixException.translateToIOException(UnixException.java:92)
at java.base/sun.nio.fs.UnixException.rethrowAsIOException(UnixException.java:106)
at java.base/sun.nio.fs.UnixException.rethrowAsIOException(UnixException.java:111)
at java.base/sun.nio.fs.UnixFileAttributeViews$Basic.readAttributes(UnixFileAttributeViews.java:55)
at java.base/sun.nio.fs.UnixFileSystemProvider.readAttributes(UnixFileSystemProvider.java:148)
at java.base/java.nio.file.Files.readAttributes(Files.java:1851)
at java.base/java.nio.file.FileTreeWalker.getAttributes(FileTreeWalker.java:220)
at java.base/java.nio.file.FileTreeWalker.visit(FileTreeWalker.java:277)
at java.base/java.nio.file.FileTreeWalker.walk(FileTreeWalker.java:323)
at java.base/java.nio.file.Files.walkFileTree(Files.java:2804)
at java.base/java.nio.file.Files.walkFileTree(Files.java:2882)
at io.cucumber.core.options.RerunPath.listRerunFiles(RerunPath.java:53)
... 36 more
... Removed 30 stack frames]]>
    </failure>
  </testcase> <!-- @BeforeClass setUpClass -->
</testsuite> <!-- Nopackage -->
