<?xml version="1.0" encoding="UTF-8"?>
<testng-results ignored="0" total="3" passed="3" failed="0" skipped="0">
  <reporter-output>
  </reporter-output>
  <suite started-at="2024-02-25T19:03:48Z" name="Suite1" finished-at="2024-02-25T19:04:43Z" duration-ms="55100">
    <groups>
      <group name="cucumber">
        <method signature="AbstractTestNGCucumberTests.runScenario(io.cucumber.testng.PickleWrapper, io.cucumber.testng.FeatureWrapper)[pri:0, instance:runner.testRunner@35645047]" name="runScenario" class="io.cucumber.testng.AbstractTestNGCucumberTests"/>
      </group> <!-- cucumber -->
    </groups>
    <test started-at="2024-02-25T19:03:48Z" name="Nopackage" finished-at="2024-02-25T19:04:43Z" duration-ms="55100">
      <class name="runner.testRunner">
        <test-method is-config="true" signature="setUpClass(org.testng.ITestContext)[pri:0, instance:runner.testRunner@35645047]" started-at="2024-02-25T19:03:48Z" name="setUpClass" finished-at="2024-02-25T19:03:49Z" duration-ms="485" status="PASS">
          <params>
            <param index="0">
              <value>
                <![CDATA[org.testng.TestRunner@376c7d7d]]>
              </value>
            </param>
          </params>
          <reporter-output>
          </reporter-output>
        </test-method> <!-- setUpClass -->
        <test-method signature="runScenario(io.cucumber.testng.PickleWrapper, io.cucumber.testng.FeatureWrapper)[pri:0, instance:runner.testRunner@35645047]" started-at="2024-02-25T19:03:49Z" name="runScenario" description="Runs Cucumber Scenarios" data-provider="scenarios" finished-at="2024-02-25T19:04:22Z" duration-ms="33106" status="PASS">
          <params>
            <param index="0">
              <value>
                <![CDATA["searching product in google"]]>
              </value>
            </param>
            <param index="1">
              <value>
                <![CDATA["searching product"]]>
              </value>
            </param>
          </params>
          <reporter-output>
          </reporter-output>
        </test-method> <!-- runScenario -->
        <test-method signature="runScenario(io.cucumber.testng.PickleWrapper, io.cucumber.testng.FeatureWrapper)[pri:0, instance:runner.testRunner@35645047]" started-at="2024-02-25T19:04:22Z" name="runScenario" description="Runs Cucumber Scenarios" data-provider="scenarios" finished-at="2024-02-25T19:04:36Z" duration-ms="14454" status="PASS">
          <params>
            <param index="0">
              <value>
                <![CDATA["searching product in google"]]>
              </value>
            </param>
            <param index="1">
              <value>
                <![CDATA["searching product"]]>
              </value>
            </param>
          </params>
          <reporter-output>
          </reporter-output>
        </test-method> <!-- runScenario -->
        <test-method signature="runScenario(io.cucumber.testng.PickleWrapper, io.cucumber.testng.FeatureWrapper)[pri:0, instance:runner.testRunner@35645047]" started-at="2024-02-25T19:04:36Z" name="runScenario" description="Runs Cucumber Scenarios" data-provider="scenarios" finished-at="2024-02-25T19:04:43Z" duration-ms="7018" status="PASS">
          <params>
            <param index="0">
              <value>
                <![CDATA["searching product in google"]]>
              </value>
            </param>
            <param index="1">
              <value>
                <![CDATA["searching product"]]>
              </value>
            </param>
          </params>
          <reporter-output>
          </reporter-output>
        </test-method> <!-- runScenario -->
        <test-method is-config="true" signature="tearDownClass()[pri:0, instance:runner.testRunner@35645047]" started-at="2024-02-25T19:04:43Z" name="tearDownClass" finished-at="2024-02-25T19:04:43Z" duration-ms="11" status="PASS">
          <reporter-output>
          </reporter-output>
        </test-method> <!-- tearDownClass -->
      </class> <!-- runner.testRunner -->
    </test> <!-- Nopackage -->
  </suite> <!-- Suite1 -->
</testng-results>
